\BOOKMARK [0][-]{chapter.1}{Introduction}{}% 1
\BOOKMARK [1][-]{section.1.1}{History and Motivation}{chapter.1}% 2
\BOOKMARK [1][-]{section.1.2}{Plan and Main Results}{chapter.1}% 3
\BOOKMARK [1][-]{section.1.3}{Preliminaries}{chapter.1}% 4
\BOOKMARK [2][-]{subsection.1.3.1}{Notation and Conventions}{section.1.3}% 5
\BOOKMARK [2][-]{subsection.1.3.2}{Fundamental Notions of Factorization Theory}{section.1.3}% 6
\BOOKMARK [0][-]{chapter.2}{Power Monoids and \(Minimal\) Factorization Properties}{}% 7
\BOOKMARK [1][-]{section.2.1}{Atomicity and bounded factorization in Power monoids}{chapter.2}% 8
\BOOKMARK [1][-]{section.2.2}{Minimal factorizations and conditions for bounded minimal lengths}{chapter.2}% 9
\BOOKMARK [2][-]{subsection.2.2.1}{Minimal factorizations.}{section.2.2}% 10
\BOOKMARK [2][-]{subsection.2.2.2}{Minimal Factorizations in Power Monoids.}{section.2.2}% 11
\BOOKMARK [1][-]{section.2.3}{Cyclic monoids and interval length sets}{chapter.2}% 12
\BOOKMARK [0][-]{chapter.3}{Integer Partitions and the Natural Power Monoid}{}% 13
\BOOKMARK [1][-]{section.3.1}{Algorithmic Approaches and Partition Type}{chapter.3}% 14
\BOOKMARK [1][-]{section.3.2}{Admissible and Forbidden Types for Intervals}{chapter.3}% 15
\BOOKMARK [1][-]{section.3.3}{Subsums and Near Intervals}{chapter.3}% 16
\BOOKMARK [0][-]{chapter.4}{Techniques in Abelian Groups and Applications}{}% 17
\BOOKMARK [1][-]{section.4.1}{Passage Between Power Monoids}{chapter.4}% 18
\BOOKMARK [1][-]{section.4.2}{Independence Arguments in the Natural Lattice}{chapter.4}% 19
\BOOKMARK [1][-]{section.4.3}{Length Sets in High-Dimensional Lattices}{chapter.4}% 20
